<?xml version="1.0" encoding="UTF-8"?>
<!-- Generated by org.testng.reporters.JUnitReportReporter -->
<testsuite hostname="DESKTOP-I8KLFNC" failures="0" tests="6" name="json.SampleTestngTest2" time="0.111" errors="0" timestamp="2022-06-03T18:52:36 IST" skipped="0">
  <testcase classname="json.SampleTestngTest2" name="createContactTest" time="0.043"/>
  <system-out>
    <![CDATA[Contact Created]]>
  </system-out>
  <testcase classname="json.SampleTestngTest2" name="deleteContactTest" time="0.009"/>
  <system-out>
    <![CDATA[Contact Deleted]]>
  </system-out>
  <testcase classname="json.SampleTestngTest2" name="modifyContactTest" time="0.008"/>
  <system-out>
    <![CDATA[Contact Modified]]>
  </system-out>
  <testcase classname="json.SampleTestngTest2" name="deleteContactTest" time="0.012"/>
  <system-out>
    <![CDATA[Contact Deleted]]>
  </system-out>
  <testcase classname="json.SampleTestngTest2" name="modifyContactTest" time="0.028"/>
  <system-out>
    <![CDATA[Contact Modified]]>
  </system-out>
  <testcase classname="json.SampleTestngTest2" name="contact" time="0.011"/>
  <system-out>
    <![CDATA[console]]>
  </system-out>
</testsuite> <!-- json.SampleTestngTest2 -->
