<?xml version="1.0" encoding="UTF-8"?>
<!-- Generated by org.testng.reporters.JUnitReportReporter -->
<testsuite hostname="DESKTOP-I8KLFNC" failures="0" tests="3" name="json.Data_Provider" time="0.052" errors="0" timestamp="2022-06-11T10:57:51 IST" skipped="0">
  <testcase classname="json.Data_Provider" name="bookTicket" time="0.012"/>
  <system-out/>
  <testcase classname="json.Data_Provider" name="bookTicket" time="0.021"/>
  <system-out/>
  <testcase classname="json.Data_Provider" name="bookTicket" time="0.019"/>
  <system-out/>
</testsuite> <!-- json.Data_Provider -->
