<?xml version="1.0" encoding="UTF-8"?>
<!-- Generated by org.testng.reporters.JUnitReportReporter -->
<testsuite hostname="DESKTOP-I8KLFNC" failures="0" tests="3" name="json.SampleTestng" time="0.064" errors="0" timestamp="2022-06-03T16:37:40 IST" skipped="0">
  <testcase classname="json.SampleTestng" name="createContact" time="0.027"/>
  <system-out>
    <![CDATA[Contact Created]]>
  </system-out>
  <testcase classname="json.SampleTestng" name="modifyContact" time="0.012"/>
  <system-out>
    <![CDATA[Contact Modified]]>
  </system-out>
  <testcase classname="json.SampleTestng" name="deleteContact" time="0.025"/>
  <system-out>
    <![CDATA[Contact Deleted]]>
  </system-out>
</testsuite> <!-- json.SampleTestng -->
