<?xml version="1.0" encoding="UTF-8"?>
<!-- Generated by org.testng.reporters.JUnitReportReporter -->
<testsuite hostname="DESKTOP-I8KLFNC" failures="0" tests="3" name="json.Sample" time="0.028" errors="0" timestamp="2022-06-08T15:48:09 IST" skipped="0">
  <testcase classname="json.Sample" name="modifyContact" time="0.017"/>
  <system-out/>
  <testcase classname="json.Sample" name="deleteContact" time="0.006"/>
  <system-out/>
  <testcase classname="json.Sample" name="createContact" time="0.005"/>
  <system-out/>
</testsuite> <!-- json.Sample -->
