<?xml version="1.0" encoding="UTF-8"?>
<!-- Generated by org.testng.reporters.JUnitReportReporter -->
<testsuite hostname="DESKTOP-I8KLFNC" failures="0" tests="3" name="json.Test1" time="0.032" errors="0" timestamp="2022-06-04T10:15:19 IST" skipped="0">
  <testcase classname="json.Test1" name="modify" time="0.023"/>
  <system-out/>
  <testcase classname="json.Test1" name="contact" time="0.004"/>
  <system-out/>
  <testcase classname="json.Test1" name="show" time="0.005"/>
  <system-out/>
</testsuite> <!-- json.Test1 -->
