<?xml version="1.0" encoding="UTF-8"?>
<!-- Generated by org.testng.reporters.JUnitReportReporter -->
<testsuite hostname="DESKTOP-I8KLFNC" failures="0" tests="1" name="com.crm.comcast.campaignTest.CreateCampaignWithProductTest" time="95.790" errors="0" timestamp="2022-06-09T17:39:29 IST" skipped="0">
  <testcase classname="com.crm.comcast.campaignTest.CreateCampaignWithProductTest" name="createCampPro" time="95.790"/>
  <system-out>
    <![CDATA[The Product Is Succesfully Created]]>
  </system-out>
</testsuite> <!-- com.crm.comcast.campaignTest.CreateCampaignWithProductTest -->
