<?xml version="1.0" encoding="UTF-8"?>
<!-- Generated by org.testng.reporters.JUnitReportReporter -->
<testsuite hostname="DESKTOP-I8KLFNC" failures="0" tests="1" name="com.crm.comcast.organizationsTest.Create_Organization_Test" time="28.523" errors="0" timestamp="2022-06-09T15:36:51 IST" skipped="0">
  <testcase classname="com.crm.comcast.organizationsTest.Create_Organization_Test" name="createOrg" time="28.523"/>
  <system-out>
    <![CDATA[The Organization Is Succesfully Created]]>
  </system-out>
</testsuite> <!-- com.crm.comcast.organizationsTest.Create_Organization_Test -->
