<?xml version="1.0" encoding="UTF-8"?>
<!-- Generated by org.testng.reporters.JUnitReportReporter -->
<testsuite hostname="DESKTOP-I8KLFNC" failures="0" tests="3" name="json.DataProviderExcel" time="0.035" errors="0" timestamp="2022-06-11T11:19:47 IST" skipped="0">
  <testcase classname="json.DataProviderExcel" name="bookTicket" time="0.020"/>
  <system-out/>
  <testcase classname="json.DataProviderExcel" name="bookTicket" time="0.007"/>
  <system-out/>
  <testcase classname="json.DataProviderExcel" name="bookTicket" time="0.008"/>
  <system-out/>
</testsuite> <!-- json.DataProviderExcel -->
