<?xml version="1.0" encoding="UTF-8"?>
<!-- Generated by org.testng.reporters.JUnitReportReporter -->
<testsuite hostname="DESKTOP-I8KLFNC" failures="0" tests="1" name="com.crm.comcast.contactTest.Create_Contact_WithoutMandatory" time="28.748" errors="0" timestamp="2022-06-10T09:49:23 IST" skipped="0">
  <testcase classname="com.crm.comcast.contactTest.Create_Contact_WithoutMandatory" name="withoutMandatory" time="28.748"/>
  <system-out/>
</testsuite> <!-- com.crm.comcast.contactTest.Create_Contact_WithoutMandatory -->
