<?xml version="1.0" encoding="UTF-8"?>
<!-- Generated by org.testng.reporters.JUnitReportReporter -->
<testsuite hostname="DESKTOP-I8KLFNC" failures="0" tests="1" name="com.crm.comcast.contactTest.Delete_Contact_Test" time="35.719" errors="0" timestamp="2022-06-13T17:28:48 IST" skipped="0">
  <testcase classname="com.crm.comcast.contactTest.Delete_Contact_Test" name="deleteContact" time="35.719"/>
  <system-out>
    <![CDATA[The Contact Is Succesfully Deleted]]>
  </system-out>
</testsuite> <!-- com.crm.comcast.contactTest.Delete_Contact_Test -->
