<?xml version="1.0" encoding="UTF-8"?>
<!-- Generated by org.testng.reporters.JUnitReportReporter -->
<testsuite hostname="DESKTOP-I8KLFNC" failures="0" tests="1" name="com.crm.comcast.leadTest.CreateLeadTest" time="34.778" errors="0" timestamp="2022-06-14T16:42:18 IST" skipped="0">
  <testcase classname="com.crm.comcast.leadTest.CreateLeadTest" name="createLead" time="34.778"/>
  <system-out>
    <![CDATA[The Lead is Successfully Created]]>
  </system-out>
</testsuite> <!-- com.crm.comcast.leadTest.CreateLeadTest -->
