<?xml version="1.0" encoding="UTF-8"?>
<!-- Generated by org.testng.reporters.JUnitReportReporter -->
<testsuite hostname="DESKTOP-I8KLFNC" failures="0" tests="1" name="com.crm.comcast.campaignTest.Create_Campaign_Test" time="40.727" errors="0" timestamp="2022-06-11T12:29:21 IST" skipped="0">
  <testcase classname="com.crm.comcast.campaignTest.Create_Campaign_Test" name="createCamp" time="40.727"/>
  <system-out>
    <![CDATA[The Campaign Is Succesfully Created]]>
  </system-out>
</testsuite> <!-- com.crm.comcast.campaignTest.Create_Campaign_Test -->
