<?xml version="1.0" encoding="UTF-8"?>
<!-- Generated by org.testng.reporters.JUnitReportReporter -->
<testsuite hostname="DESKTOP-I8KLFNC" failures="0" tests="1" name="com.crm.comcast.purchase_Test.Create_Purchase_Test" time="74.310" errors="0" timestamp="2022-06-08T23:33:19 IST" skipped="0">
  <testcase classname="com.crm.comcast.purchase_Test.Create_Purchase_Test" name="createPur" time="74.310"/>
  <system-out/>
</testsuite> <!-- com.crm.comcast.purchase_Test.Create_Purchase_Test -->
