<?xml version="1.0" encoding="UTF-8"?>
<!-- Generated by org.testng.reporters.JUnitReportReporter -->
<testsuite hostname="DESKTOP-I8KLFNC" failures="0" tests="2" name="json.Selenium_Grid" time="66.466" errors="0" timestamp="2022-06-07T16:03:51 IST" skipped="0">
  <testcase classname="json.Selenium_Grid" name="sampleRun" time="28.094"/>
  <system-out/>
  <testcase classname="json.Selenium_Grid" name="sampleRun" time="38.372"/>
  <system-out/>
</testsuite> <!-- json.Selenium_Grid -->
